<?xml version="1.0" encoding="UTF-8"?>
<testng-results skipped="0" failed="0" ignored="0" total="1" passed="1">
  <reporter-output>
    <line>
      <![CDATA[chrome is opened]]>
    </line>
    <line>
      <![CDATA[http://www.cigna.com is entered]]>
    </line>
  </reporter-output>
  <suite name="Suite" duration-ms="53870" started-at="2021-05-21T02:15:48Z" finished-at="2021-05-21T02:16:42Z">
    <groups>
    </groups>
    <test name="Test" duration-ms="53870" started-at="2021-05-21T02:15:48Z" finished-at="2021-05-21T02:16:42Z">
      <class name="com.cigna.homepage.HomePageHeaderValidation">
        <test-method status="PASS" signature="setup(java.lang.String, java.lang.String)[pri:0, instance:com.cigna.homepage.HomePageHeaderValidation@be92ad]" name="setup" is-config="true" duration-ms="53343" started-at="2021-05-21T07:45:48Z" finished-at="2021-05-21T07:46:42Z">
          <params>
            <param index="0">
              <value>
                <![CDATA[chrome]]>
              </value>
            </param>
            <param index="1">
              <value>
                <![CDATA[http://www.cigna.com]]>
              </value>
            </param>
          </params>
          <reporter-output>
            <line>
              <![CDATA[chrome is opened]]>
            </line>
            <line>
              <![CDATA[http://www.cigna.com is entered]]>
            </line>
          </reporter-output>
        </test-method> <!-- setup -->
        <test-method status="PASS" signature="homePageHeaderValidation()[pri:0, instance:com.cigna.homepage.HomePageHeaderValidation@be92ad]" name="homePageHeaderValidation" duration-ms="429" started-at="2021-05-21T07:46:42Z" finished-at="2021-05-21T07:46:42Z">
          <reporter-output>
          </reporter-output>
        </test-method> <!-- homePageHeaderValidation -->
      </class> <!-- com.cigna.homepage.HomePageHeaderValidation -->
    </test> <!-- Test -->
  </suite> <!-- Suite -->
</testng-results>
